
/home/runner/work/exp-on-chip-adc-coep/exp-on-chip-adc-coep/experiment/simulation/script.js
    2:5   warning  'PR_V' is assigned a value but never used     no-unused-vars
    3:5   warning  'state_c' is assigned a value but never used  no-unused-vars
    4:5   warning  'state_g' is assigned a value but never used  no-unused-vars
    9:5   warning  'CH1' is assigned a value but never used      no-unused-vars
   12:10  warning  'generateCode' is defined but never used      no-unused-vars
   66:10  warning  'showcompilemsg' is defined but never used    no-unused-vars
   74:26  warning  'event' is defined but never used             no-unused-vars
   87:10  warning  'showSavedMessage' is defined but never used  no-unused-vars
   97:26  warning  'event' is defined but never used             no-unused-vars
  113:26  warning  'event' is defined but never used             no-unused-vars
  204:10  warning  'reset' is defined but never used             no-unused-vars
  205:5   warning  'Plotly' is not defined                       no-undef
  206:5   warning  'Plotly' is not defined                       no-undef
  208:11  warning  'time' is assigned a value but never used     no-unused-vars
  221:3   warning  'Plotly' is not defined                       no-undef
  222:3   warning  'Plotly' is not defined                       no-undef
  224:12  warning  'start' is defined but never used             no-unused-vars
  230:3   warning  'y2' is not defined                           no-undef
  231:3   warning  'Plotly' is not defined                       no-undef
  232:3   warning  'Plotly' is not defined                       no-undef
  232:51  warning  'y2' is not defined                           no-undef
  234:5   warning  'Plotly' is not defined                       no-undef
  239:5   warning  'Plotly' is not defined                       no-undef
  246:1   warning  'start_e' is not defined                      no-undef

✖ 24 problems (0 errors, 24 warnings)

